<?xml version="1.0" encoding="UTF-8"?>
<!-- Generated by org.testng.reporters.JUnitReportReporter -->
<testsuite skipped="0" hostname="rakeshs-MacBook-Air.local" name="com.harmony.qa.tests.HomePageTest" tests="6" failures="0" timestamp="03 Nov 2019 14:42:15 GMT" time="180.187" errors="0">
  <testcase name="verifyTrainingPage" time="23.222" classname="com.harmony.qa.tests.HomePageTest"/>
  <testcase name="verifyNewsPage" time="26.318" classname="com.harmony.qa.tests.HomePageTest"/>
  <testcase name="verifyOrganizationPage" time="33.722" classname="com.harmony.qa.tests.HomePageTest"/>
  <testcase name="verifyUserPage" time="31.674" classname="com.harmony.qa.tests.HomePageTest"/>
  <testcase name="verifyPanelPage" time="41.670" classname="com.harmony.qa.tests.HomePageTest"/>
  <testcase name="verifyWellskyLogo" time="23.581" classname="com.harmony.qa.tests.HomePageTest"/>
</testsuite> <!-- com.harmony.qa.tests.HomePageTest -->
