<?xml version="1.0" encoding="UTF-8"?>
<!-- Generated by org.testng.reporters.JUnitReportReporter -->
<testsuite skipped="1" hostname="rakeshs-MacBook-Air.local" name="com.harmony.qa.tests.AddUserPageTest" tests="1" failures="0" timestamp="10 Nov 2019 08:13:31 GMT" time="0.000" errors="0">
  <testcase name="addNewUserSuccessfully" time="0.000" classname="com.harmony.qa.tests.AddUserPageTest">
    <skipped/>
  </testcase> <!-- addNewUserSuccessfully -->
</testsuite> <!-- com.harmony.qa.tests.AddUserPageTest -->
