<?xml version="1.0" encoding="UTF-8"?>
<!-- Generated by org.testng.reporters.JUnitReportReporter -->
<testsuite skipped="0" hostname="rakeshs-MacBook-Air.local" name="com.harmony.qa.tests.OrganizationPageTest" tests="2" failures="0" timestamp="22 Nov 2019 07:49:03 GMT" time="50.247" errors="0">
  <testcase name="searchOrgAndClickOnOrgEditButton" time="26.298" classname="com.harmony.qa.tests.OrganizationPageTest"/>
  <testcase name="clickOnOrgEditButtonTest" time="23.949" classname="com.harmony.qa.tests.OrganizationPageTest"/>
</testsuite> <!-- com.harmony.qa.tests.OrganizationPageTest -->
