<?xml version="1.0" encoding="UTF-8"?>
<!-- Generated by org.testng.reporters.JUnitReportReporter -->
<testsuite skipped="0" hostname="rakeshs-MacBook-Air.local" name="com.harmony.qa.tests.LoginPageTest" tests="1" failures="0" timestamp="03 Nov 2019 14:42:20 GMT" time="30.903" errors="0">
  <testcase name="validLogin" time="30.903" classname="com.harmony.qa.tests.LoginPageTest"/>
</testsuite> <!-- com.harmony.qa.tests.LoginPageTest -->
