<?xml version="1.0" encoding="UTF-8"?>
<!-- Generated by org.testng.reporters.JUnitReportReporter -->
<testsuite skipped="0" hostname="rakeshs-MacBook-Air.local" name="com.harmony.qa.tests.LoginPageTest" tests="1" failures="0" timestamp="31 Aug 2019 13:55:20 GMT" time="12.164" errors="0">
  <testcase name="validLogin" time="12.164" classname="com.harmony.qa.tests.LoginPageTest"/>
</testsuite> <!-- com.harmony.qa.tests.LoginPageTest -->
