<?xml version="1.0" encoding="UTF-8"?>
<!-- Generated by org.testng.reporters.JUnitReportReporter -->
<testsuite skipped="0" hostname="rakeshs-MacBook-Air.local" name="com.harmony.qa.tests.AddNewLicenseTest" tests="1" failures="0" timestamp="22 Nov 2019 13:18:51 GMT" time="224.352" errors="0">
  <testcase name="clickOnOrgEditButtonTest" time="224.352" classname="com.harmony.qa.tests.AddNewLicenseTest"/>
</testsuite> <!-- com.harmony.qa.tests.AddNewLicenseTest -->
